C51 COMPILER V9.56.0.0   MAIN                                                              07/21/2017 15:01:19 PAGE 1   


C51 COMPILER V9.56.0.0, COMPILATION OF MODULE MAIN
OBJECT MODULE PLACED IN .\Objects\main.obj
COMPILER INVOKED BY: D:\Program Files\Keil_v5\C51\BIN\C51.EXE main.c OPTIMIZE(8,SPEED) BROWSE INCDIR(..\00-libfiles) DEB
                    -UG OBJECTEXTEND PRINT(.\Listings\main.lst) OBJECT(.\Objects\main.obj)

line level    source

   1          /***************************************************************************************************
   2                                             ExploreEmbedded
   3          ****************************************************************************************************
   4           * File:   main.c
   5           * Version: 16.0
   6           * Author: ExploreEmbedded
   7           * Website: http://www.exploreembedded.com/wiki
   8           * Description: This file contains the program to send a char on UART at 9600. 
   9          
  10          The libraries have been tested on ExploreEmbedded development boards. We strongly believe that the
  11          library works on any of development boards for respective controllers. However, ExploreEmbedded
  12          disclaims any kind of hardware failure resulting out of usage of libraries, directly or indirectly.
  13          Files may be subject to change without prior notice. The revision history contains the information
  14          related to updates.
  15          
  16          
  17          GNU GENERAL PUBLIC LICENSE:
  18              Copyright (C) 2012  ExploreEmbedded
  19          
  20              This program is free software: you can redistribute it and/or modify
  21              it under the terms of the GNU General Public License as published by
  22              the Free Software Foundation, either version 3 of the License, or
  23              (at your option) any later version.
  24          
  25              This program is distributed in the hope that it will be useful,
  26              but WITHOUT ANY WARRANTY; without even the implied warranty of
  27              MERCHANTABILITY or FITNESS FOR A PARTICULAR PURPOSE.  See the
  28              GNU General Public License for more details.
  29          
  30              You should have received a copy of the GNU General Public License
  31              along with this program.  If not, see <http://www.gnu.org/licenses/>.
  32          
  33          
  34          Errors and omissions should be reported to codelibraries@exploreembedded.com
  35          **************************************************************************************************/
  36          
  37          #include "uart.h"
  38          
  39          char code open[9]={0xAA,0x01,0x00,0x00,0x00,0x00,0x01,0x66,0xBB};
  40          
  41          int main() 
  42          {
  43   1              unsigned int i = 0;
  44   1          UART_Init(9600);  // Initialize UARt at 9600 baud rate
  45   1      
  46   1              for (i = 0; i < 9; i++)
  47   1              UART_TxChar(open[i]);
  48   1      
  49   1              while (1);
  50   1          return (0);
  51   1      }
  52          
*** WARNING C294 IN LINE 50 OF main.c: unreachable code

C51 COMPILER V9.56.0.0   MAIN                                                              07/21/2017 15:01:19 PAGE 2   


MODULE INFORMATION:   STATIC OVERLAYABLE
   CODE SIZE        =     56    ----
   CONSTANT SIZE    =      9    ----
   XDATA SIZE       =   ----    ----
   PDATA SIZE       =   ----    ----
   DATA SIZE        =   ----       2
   IDATA SIZE       =   ----    ----
   BIT SIZE         =   ----    ----
END OF MODULE INFORMATION.


C51 COMPILATION COMPLETE.  1 WARNING(S),  0 ERROR(S)
